<?xml version="1.0" encoding="UTF-8"?>
<!-- Generated by org.testng.reporters.JUnitReportReporter -->
<testsuite skipped="0" hostname="DESKTOP-FPE2EUS" name="com.qa.testcases.ChemtrailsTest" tests="1" failures="0" timestamp="2019-10-30T03:16:38 GMT" time="8.335" errors="0">
  <testcase name="chemtrailsGetTextTest" time="8.335" classname="com.qa.testcases.ChemtrailsTest"/>
</testsuite> <!-- com.qa.testcases.ChemtrailsTest -->
